<?xml version="1.0" encoding="UTF-8" ?>
<testsuite failures="0" time="2.821" errors="0" skipped="0" tests="2" name="net.vksn.bedrock.dao.hibernate.UserServiceTest">
  <properties>
    <property name="java.runtime.name" value="OpenJDK Runtime Environment"/>
    <property name="sun.boot.library.path" value="/usr/lib/jvm/java-1.6.0-openjdk-1.6.0.0.x86_64/jre/lib/amd64"/>
    <property name="java.vm.version" value="20.0-b12"/>
    <property name="java.vm.vendor" value="Sun Microsystems Inc."/>
    <property name="java.vendor.url" value="http://java.sun.com/"/>
    <property name="path.separator" value=":"/>
    <property name="java.vm.name" value="OpenJDK 64-Bit Server VM"/>
    <property name="file.encoding.pkg" value="sun.io"/>
    <property name="user.country" value="US"/>
    <property name="sun.java.launcher" value="SUN_STANDARD"/>
    <property name="sun.os.patch.level" value="unknown"/>
    <property name="java.vm.specification.name" value="Java Virtual Machine Specification"/>
    <property name="user.dir" value="/media/linux-data/Coding_projects/bedrock"/>
    <property name="java.runtime.version" value="1.6.0_24-b24"/>
    <property name="java.awt.graphicsenv" value="sun.awt.X11GraphicsEnvironment"/>
    <property name="basedir" value="/media/linux-data/Coding_projects/bedrock"/>
    <property name="java.endorsed.dirs" value="/usr/lib/jvm/java-1.6.0-openjdk-1.6.0.0.x86_64/jre/lib/endorsed"/>
    <property name="os.arch" value="amd64"/>
    <property name="surefire.real.class.path" value="/media/linux-data/Coding_projects/bedrock/target/surefire/surefirebooter237259055634605481.jar"/>
    <property name="java.io.tmpdir" value="/tmp"/>
    <property name="line.separator" value="
"/>
    <property name="java.vm.specification.vendor" value="Sun Microsystems Inc."/>
    <property name="os.name" value="Linux"/>
    <property name="sun.jnu.encoding" value="UTF-8"/>
    <property name="java.library.path" value="/usr/lib/jvm/java-1.6.0-openjdk-1.6.0.0.x86_64/jre/lib/amd64/server:/usr/lib/jvm/java-1.6.0-openjdk-1.6.0.0.x86_64/jre/lib/amd64:/usr/lib/jvm/java-1.6.0-openjdk-1.6.0.0.x86_64/jre/../lib/amd64:/usr/java/packages/lib/amd64:/usr/lib64:/lib64:/lib:/usr/lib"/>
    <property name="surefire.test.class.path" value="/media/linux-data/Coding_projects/bedrock/target/test-classes:/media/linux-data/Coding_projects/bedrock/target/classes:/home/timii/.m2/repository/log4j/log4j/1.2.16/log4j-1.2.16.jar:/home/timii/.m2/repository/postgresql/postgresql/8.4-701.jdbc4/postgresql-8.4-701.jdbc4.jar:/home/timii/.m2/repository/org/hibernate/hibernate-core/3.5.6-Final/hibernate-core-3.5.6-Final.jar:/home/timii/.m2/repository/antlr/antlr/2.7.6/antlr-2.7.6.jar:/home/timii/.m2/repository/dom4j/dom4j/1.6.1/dom4j-1.6.1.jar:/home/timii/.m2/repository/xml-apis/xml-apis/1.0.b2/xml-apis-1.0.b2.jar:/home/timii/.m2/repository/javax/transaction/jta/1.1/jta-1.1.jar:/home/timii/.m2/repository/org/hibernate/hibernate-annotations/3.5.6-Final/hibernate-annotations-3.5.6-Final.jar:/home/timii/.m2/repository/org/hibernate/hibernate-commons-annotations/3.2.0.Final/hibernate-commons-annotations-3.2.0.Final.jar:/home/timii/.m2/repository/org/hibernate/javax/persistence/hibernate-jpa-2.0-api/1.0.0.Final/hibernate-jpa-2.0-api-1.0.0.Final.jar:/home/timii/.m2/repository/org/springframework/security/spring-security-core/3.0.5.RELEASE/spring-security-core-3.0.5.RELEASE.jar:/home/timii/.m2/repository/org/springframework/spring-expression/3.0.3.RELEASE/spring-expression-3.0.3.RELEASE.jar:/home/timii/.m2/repository/org/springframework/spring-core/3.0.3.RELEASE/spring-core-3.0.3.RELEASE.jar:/home/timii/.m2/repository/commons-logging/commons-logging/1.1.1/commons-logging-1.1.1.jar:/home/timii/.m2/repository/org/springframework/spring-context/3.0.3.RELEASE/spring-context-3.0.3.RELEASE.jar:/home/timii/.m2/repository/org/springframework/spring-tx/3.0.3.RELEASE/spring-tx-3.0.3.RELEASE.jar:/home/timii/.m2/repository/org/aspectj/aspectjrt/1.6.8/aspectjrt-1.6.8.jar:/home/timii/.m2/repository/org/aspectj/aspectjweaver/1.6.8/aspectjweaver-1.6.8.jar:/home/timii/.m2/repository/org/springframework/security/spring-security-taglibs/3.0.5.RELEASE/spring-security-taglibs-3.0.5.RELEASE.jar:/home/timii/.m2/repository/org/springframework/security/spring-security-web/3.0.5.RELEASE/spring-security-web-3.0.5.RELEASE.jar:/home/timii/.m2/repository/org/springframework/security/spring-security-acl/3.0.5.RELEASE/spring-security-acl-3.0.5.RELEASE.jar:/home/timii/.m2/repository/org/springframework/spring-context-support/3.0.3.RELEASE/spring-context-support-3.0.3.RELEASE.jar:/home/timii/.m2/repository/org/springframework/spring-web/3.0.3.RELEASE/spring-web-3.0.3.RELEASE.jar:/home/timii/.m2/repository/org/springframework/security/spring-security-config/3.0.5.RELEASE/spring-security-config-3.0.5.RELEASE.jar:/home/timii/.m2/repository/org/springframework/spring-aop/3.0.5.RELEASE/spring-aop-3.0.5.RELEASE.jar:/home/timii/.m2/repository/aopalliance/aopalliance/1.0/aopalliance-1.0.jar:/home/timii/.m2/repository/org/springframework/spring-asm/3.0.5.RELEASE/spring-asm-3.0.5.RELEASE.jar:/home/timii/.m2/repository/org/springframework/spring-beans/3.0.5.RELEASE/spring-beans-3.0.5.RELEASE.jar:/home/timii/.m2/repository/org/springframework/spring-jdbc/3.0.5.RELEASE/spring-jdbc-3.0.5.RELEASE.jar:/home/timii/.m2/repository/org/springframework/spring-orm/3.0.5.RELEASE/spring-orm-3.0.5.RELEASE.jar:/home/timii/.m2/repository/cglib/cglib/2.2.2/cglib-2.2.2.jar:/home/timii/.m2/repository/asm/asm/3.3.1/asm-3.3.1.jar:/home/timii/.m2/repository/commons-dbcp/commons-dbcp/1.2.2/commons-dbcp-1.2.2.jar:/home/timii/.m2/repository/commons-pool/commons-pool/1.3/commons-pool-1.3.jar:/home/timii/.m2/repository/commons-collections/commons-collections/3.2/commons-collections-3.2.jar:/home/timii/.m2/repository/javassist/javassist/3.8.0.GA/javassist-3.8.0.GA.jar:/home/timii/.m2/repository/org/springframework/spring-test/3.0.5.RELEASE/spring-test-3.0.5.RELEASE.jar:/home/timii/.m2/repository/junit/junit/4.8/junit-4.8.jar:/home/timii/.m2/repository/hsqldb/hsqldb/1.8.0.10/hsqldb-1.8.0.10.jar:/home/timii/.m2/repository/org/dbunit/dbunit/2.4.8/dbunit-2.4.8.jar:/home/timii/.m2/repository/org/slf4j/log4j-over-slf4j/1.5.8/log4j-over-slf4j-1.5.8.jar:/home/timii/.m2/repository/org/slf4j/slf4j-api/1.5.8/slf4j-api-1.5.8.jar:/home/timii/.m2/repository/org/slf4j/slf4j-log4j12/1.5.8/slf4j-log4j12-1.5.8.jar:"/>
    <property name="java.specification.name" value="Java Platform API Specification"/>
    <property name="java.class.version" value="50.0"/>
    <property name="sun.management.compiler" value="HotSpot 64-Bit Tiered Compilers"/>
    <property name="os.version" value="3.3.7-1.fc16.x86_64"/>
    <property name="user.home" value="/home/timii"/>
    <property name="user.timezone" value="Europe/Mariehamn"/>
    <property name="java.awt.printerjob" value="sun.print.PSPrinterJob"/>
    <property name="file.encoding" value="UTF-8"/>
    <property name="java.specification.version" value="1.6"/>
    <property name="user.name" value="timii"/>
    <property name="java.class.path" value="/media/linux-data/Coding_projects/bedrock/target/test-classes:/media/linux-data/Coding_projects/bedrock/target/classes:/home/timii/.m2/repository/log4j/log4j/1.2.16/log4j-1.2.16.jar:/home/timii/.m2/repository/postgresql/postgresql/8.4-701.jdbc4/postgresql-8.4-701.jdbc4.jar:/home/timii/.m2/repository/org/hibernate/hibernate-core/3.5.6-Final/hibernate-core-3.5.6-Final.jar:/home/timii/.m2/repository/antlr/antlr/2.7.6/antlr-2.7.6.jar:/home/timii/.m2/repository/dom4j/dom4j/1.6.1/dom4j-1.6.1.jar:/home/timii/.m2/repository/xml-apis/xml-apis/1.0.b2/xml-apis-1.0.b2.jar:/home/timii/.m2/repository/javax/transaction/jta/1.1/jta-1.1.jar:/home/timii/.m2/repository/org/hibernate/hibernate-annotations/3.5.6-Final/hibernate-annotations-3.5.6-Final.jar:/home/timii/.m2/repository/org/hibernate/hibernate-commons-annotations/3.2.0.Final/hibernate-commons-annotations-3.2.0.Final.jar:/home/timii/.m2/repository/org/hibernate/javax/persistence/hibernate-jpa-2.0-api/1.0.0.Final/hibernate-jpa-2.0-api-1.0.0.Final.jar:/home/timii/.m2/repository/org/springframework/security/spring-security-core/3.0.5.RELEASE/spring-security-core-3.0.5.RELEASE.jar:/home/timii/.m2/repository/org/springframework/spring-expression/3.0.3.RELEASE/spring-expression-3.0.3.RELEASE.jar:/home/timii/.m2/repository/org/springframework/spring-core/3.0.3.RELEASE/spring-core-3.0.3.RELEASE.jar:/home/timii/.m2/repository/commons-logging/commons-logging/1.1.1/commons-logging-1.1.1.jar:/home/timii/.m2/repository/org/springframework/spring-context/3.0.3.RELEASE/spring-context-3.0.3.RELEASE.jar:/home/timii/.m2/repository/org/springframework/spring-tx/3.0.3.RELEASE/spring-tx-3.0.3.RELEASE.jar:/home/timii/.m2/repository/org/aspectj/aspectjrt/1.6.8/aspectjrt-1.6.8.jar:/home/timii/.m2/repository/org/aspectj/aspectjweaver/1.6.8/aspectjweaver-1.6.8.jar:/home/timii/.m2/repository/org/springframework/security/spring-security-taglibs/3.0.5.RELEASE/spring-security-taglibs-3.0.5.RELEASE.jar:/home/timii/.m2/repository/org/springframework/security/spring-security-web/3.0.5.RELEASE/spring-security-web-3.0.5.RELEASE.jar:/home/timii/.m2/repository/org/springframework/security/spring-security-acl/3.0.5.RELEASE/spring-security-acl-3.0.5.RELEASE.jar:/home/timii/.m2/repository/org/springframework/spring-context-support/3.0.3.RELEASE/spring-context-support-3.0.3.RELEASE.jar:/home/timii/.m2/repository/org/springframework/spring-web/3.0.3.RELEASE/spring-web-3.0.3.RELEASE.jar:/home/timii/.m2/repository/org/springframework/security/spring-security-config/3.0.5.RELEASE/spring-security-config-3.0.5.RELEASE.jar:/home/timii/.m2/repository/org/springframework/spring-aop/3.0.5.RELEASE/spring-aop-3.0.5.RELEASE.jar:/home/timii/.m2/repository/aopalliance/aopalliance/1.0/aopalliance-1.0.jar:/home/timii/.m2/repository/org/springframework/spring-asm/3.0.5.RELEASE/spring-asm-3.0.5.RELEASE.jar:/home/timii/.m2/repository/org/springframework/spring-beans/3.0.5.RELEASE/spring-beans-3.0.5.RELEASE.jar:/home/timii/.m2/repository/org/springframework/spring-jdbc/3.0.5.RELEASE/spring-jdbc-3.0.5.RELEASE.jar:/home/timii/.m2/repository/org/springframework/spring-orm/3.0.5.RELEASE/spring-orm-3.0.5.RELEASE.jar:/home/timii/.m2/repository/cglib/cglib/2.2.2/cglib-2.2.2.jar:/home/timii/.m2/repository/asm/asm/3.3.1/asm-3.3.1.jar:/home/timii/.m2/repository/commons-dbcp/commons-dbcp/1.2.2/commons-dbcp-1.2.2.jar:/home/timii/.m2/repository/commons-pool/commons-pool/1.3/commons-pool-1.3.jar:/home/timii/.m2/repository/commons-collections/commons-collections/3.2/commons-collections-3.2.jar:/home/timii/.m2/repository/javassist/javassist/3.8.0.GA/javassist-3.8.0.GA.jar:/home/timii/.m2/repository/org/springframework/spring-test/3.0.5.RELEASE/spring-test-3.0.5.RELEASE.jar:/home/timii/.m2/repository/junit/junit/4.8/junit-4.8.jar:/home/timii/.m2/repository/hsqldb/hsqldb/1.8.0.10/hsqldb-1.8.0.10.jar:/home/timii/.m2/repository/org/dbunit/dbunit/2.4.8/dbunit-2.4.8.jar:/home/timii/.m2/repository/org/slf4j/log4j-over-slf4j/1.5.8/log4j-over-slf4j-1.5.8.jar:/home/timii/.m2/repository/org/slf4j/slf4j-api/1.5.8/slf4j-api-1.5.8.jar:/home/timii/.m2/repository/org/slf4j/slf4j-log4j12/1.5.8/slf4j-log4j12-1.5.8.jar:"/>
    <property name="java.vm.specification.version" value="1.0"/>
    <property name="sun.arch.data.model" value="64"/>
    <property name="java.home" value="/usr/lib/jvm/java-1.6.0-openjdk-1.6.0.0.x86_64/jre"/>
    <property name="sun.java.command" value="/media/linux-data/Coding_projects/bedrock/target/surefire/surefirebooter237259055634605481.jar /media/linux-data/Coding_projects/bedrock/target/surefire/surefire2846620337142809530tmp /media/linux-data/Coding_projects/bedrock/target/surefire/surefire3033210728229874529tmp"/>
    <property name="java.specification.vendor" value="Sun Microsystems Inc."/>
    <property name="user.language" value="en"/>
    <property name="java.vm.info" value="mixed mode"/>
    <property name="java.version" value="1.6.0_24"/>
    <property name="java.ext.dirs" value="/usr/lib/jvm/java-1.6.0-openjdk-1.6.0.0.x86_64/jre/lib/ext:/usr/java/packages/lib/ext"/>
    <property name="sun.boot.class.path" value="/usr/lib/jvm/java-1.6.0-openjdk-1.6.0.0.x86_64/jre/lib/resources.jar:/usr/lib/jvm/java-1.6.0-openjdk-1.6.0.0.x86_64/jre/lib/rt.jar:/usr/lib/jvm/java-1.6.0-openjdk-1.6.0.0.x86_64/jre/lib/sunrsasign.jar:/usr/lib/jvm/java-1.6.0-openjdk-1.6.0.0.x86_64/jre/lib/jsse.jar:/usr/lib/jvm/java-1.6.0-openjdk-1.6.0.0.x86_64/jre/lib/jce.jar:/usr/lib/jvm/java-1.6.0-openjdk-1.6.0.0.x86_64/jre/lib/charsets.jar:/usr/lib/jvm/java-1.6.0-openjdk-1.6.0.0.x86_64/jre/lib/netx.jar:/usr/lib/jvm/java-1.6.0-openjdk-1.6.0.0.x86_64/jre/lib/plugin.jar:/usr/lib/jvm/java-1.6.0-openjdk-1.6.0.0.x86_64/jre/lib/rhino.jar:/usr/lib/jvm/java-1.6.0-openjdk-1.6.0.0.x86_64/jre/lib/modules/jdk.boot.jar:/usr/lib/jvm/java-1.6.0-openjdk-1.6.0.0.x86_64/jre/classes"/>
    <property name="java.vendor" value="Sun Microsystems Inc."/>
    <property name="localRepository" value="/home/timii/.m2/repository"/>
    <property name="file.separator" value="/"/>
    <property name="java.vendor.url.bug" value="http://java.sun.com/cgi-bin/bugreport.cgi"/>
    <property name="sun.cpu.endian" value="little"/>
    <property name="sun.io.unicode.encoding" value="UnicodeLittle"/>
    <property name="sun.cpu.isalist" value=""/>
  </properties>
  <testcase time="2.397" classname="net.vksn.bedrock.dao.hibernate.UserServiceTest" name="getUser"/>
  <testcase time="0.196" classname="net.vksn.bedrock.dao.hibernate.UserServiceTest" name="getUser_byQuery"/>
</testsuite>